Build started 29/09/2016 01:03:44 p.m..
     1>Project "C:\Users\820\Desktop\Engine3D\Engine - copia\EngineLib\EngineLib.vcxproj" on node 2 (Build target(s)).
     1>Link:
         C:\Program Files (x86)\Microsoft Visual Studio 12.0\VC\bin\link.exe /ERRORREPORT:PROMPT /OUT:"C:\Users\820\Desktop\Engine3D\Engine - copia\Debug\EngineLib.dll" /INCREMENTAL /NOLOGO /LIBPATH:"C:\Users\820\Desktop\Engine3D\Engine - copia\/EngineLib/Assimp/lib/x86" /LIBPATH:"C:\Users\820\Desktop\Engine3D\Engine - copia\/EngineLib" dxguid.lib assimp.lib kernel32.lib user32.lib gdi32.lib winspool.lib comdlg32.lib advapi32.lib shell32.lib ole32.lib oleaut32.lib uuid.lib odbc32.lib odbccp32.lib /MANIFEST /MANIFESTUAC:"level='asInvoker' uiAccess='false'" /manifest:embed /DEBUG /PDB:"C:\Users\820\Desktop\Engine3D\Engine - copia\Debug\EngineLib.pdb" /TLBID:1 /DYNAMICBASE /NXCOMPAT /IMPLIB:"C:\Users\820\Desktop\Engine3D\Engine - copia\Debug\EngineLib.lib" /MACHINE:X86 /DLL Debug\Animation.obj
         Debug\Camera.obj
         Debug\directinput.obj
         Debug\Engine.obj
         Debug\Entity2D.obj
         Debug\Entity3D.obj
         Debug\Frame.obj
         Debug\Game.obj
         Debug\Importer.obj
         Debug\input.obj
         Debug\Mesh.obj
         Debug\Nodo.obj
         Debug\pg1_timer.obj
         Debug\pg2_indexbuffer.obj
         Debug\pg2_vertexbuffer.obj
         Debug\Physics.obj
         Debug\Quad.obj
         Debug\Random.obj
         Debug\Renderer.obj
         Debug\ScreenText.obj
         Debug\Sound.obj
         Debug\Sprite.obj
         Debug\Tile.obj
         Debug\TileMap.obj
         Debug\tinyxml2.obj
         Debug\Vector2.obj
         Debug\vertexbuffer.obj
         Debug\Window.obj
            Creating library C:\Users\820\Desktop\Engine3D\Engine - copia\Debug\EngineLib.lib and object C:\Users\820\Desktop\Engine3D\Engine - copia\Debug\EngineLib.exp
     1>Nodo.obj : error LNK2001: unresolved external symbol "public: virtual void __thiscall Nodo::draw(void)" (?draw@Nodo@@UAEXXZ)
     1>C:\Users\820\Desktop\Engine3D\Engine - copia\Debug\EngineLib.dll : fatal error LNK1120: 1 unresolved externals
     1>Done Building Project "C:\Users\820\Desktop\Engine3D\Engine - copia\EngineLib\EngineLib.vcxproj" (Build target(s)) -- FAILED.

Build FAILED.

Time Elapsed 00:00:00.35
